<?xml version="1.0" encoding="UTF-8"?>
<!-- Generated by org.testng.reporters.JUnitReportReporter -->
<testsuite skipped="0" hostname="DESKTOP-1RKC60M" name="com.test.DropDown" tests="2" failures="0" timestamp="2020-03-28T18:25:53 GMT" time="8.591" errors="0">
  <testcase name="SelectAdvanceDropDown" time="2.368" classname="com.test.DropDown"/>
  <testcase name="DropDown" time="6.223" classname="com.test.DropDown"/>
</testsuite> <!-- com.test.DropDown -->
