<?xml version="1.0" encoding="UTF-8"?>
<!-- Generated by org.testng.reporters.JUnitReportReporter -->
<testsuite skipped="0" hostname="DESKTOP-1RKC60M" name="com.test.flipKart_TestNG_Test" tests="1" failures="0" timestamp="2020-03-28T18:25:53 GMT" time="6.206" errors="0">
  <testcase name="test1" time="6.206" classname="com.test.flipKart_TestNG_Test"/>
</testsuite> <!-- com.test.flipKart_TestNG_Test -->
