<?xml version="1.0" encoding="UTF-8"?>
<!-- Generated by org.testng.reporters.JUnitReportReporter -->
<testsuite skipped="0" hostname="DESKTOP-1RKC60M" name="com.test.Yatra_TestNG" tests="1" failures="0" timestamp="2020-03-28T18:25:53 GMT" time="9.205" errors="0">
  <testcase name="Method1" time="9.205" classname="com.test.Yatra_TestNG"/>
</testsuite> <!-- com.test.Yatra_TestNG -->
