<?xml version="1.0" encoding="UTF-8"?>
<!-- Generated by org.testng.reporters.JUnitReportReporter -->
<testsuite skipped="0" hostname="DESKTOP-1RKC60M" name="com.test.GooglePage_testNG" tests="1" failures="0" timestamp="2020-03-29T10:56:25 BST" time="4.023" errors="0">
  <testcase name="Method1" time="4.023" classname="com.test.GooglePage_testNG"/>
</testsuite> <!-- com.test.GooglePage_testNG -->
