<?xml version="1.0" encoding="UTF-8"?>
<!-- Generated by org.testng.reporters.JUnitReportReporter -->
<testsuite skipped="0" hostname="DESKTOP-1RKC60M" name="com.test.IRCTC_TestNG_Multiple_Tests" tests="2" failures="0" timestamp="2020-03-28T18:25:53 GMT" time="10.694" errors="0">
  <testcase name="trains" time="10.692" classname="com.test.IRCTC_TestNG_Multiple_Tests"/>
  <testcase name="testmethod2" time="0.002" classname="com.test.IRCTC_TestNG_Multiple_Tests"/>
</testsuite> <!-- com.test.IRCTC_TestNG_Multiple_Tests -->
